"../../../Engine/Content/EditorResources/S_Actor.uasset" 0
"../../../Engine/Content/EditorResources/S_Emitter.uasset" 1
"../../../Engine/Content/EngineFonts/Roboto.uasset" 2
"../../../Engine/Content/Functions/Engine_MaterialFunctions01/Shading/PowerToRoughness.uasset" 3
"../../../Engine/Content/EngineMaterials/DefaultDiffuse.uasset" 4
"../../../Engine/Content/EngineMaterials/DefaultDeferredDecalMaterial.uasset" 5
"../../../Engine/Content/EngineMaterials/DefaultLightFunctionMaterial.uasset" 6
"../../../Engine/Content/Functions/Engine_MaterialFunctions02/Utility/BreakOutFloat2Components.uasset" 7
"../../../Engine/Content/EngineMaterials/DefaultPostProcessMaterial.uasset" 8
"../../../Engine/Content/EngineResources/DefaultTexture.uasset" 9
"../../../Engine/Content/Functions/Engine_MaterialFunctions01/Texturing/ScaleUVsByCenter.uasset" 10
"../../../Engine/Content/Functions/Engine_MaterialFunctions02/ScreenResolution.uasset" 11
"../../../Engine/Content/Functions/Engine_MaterialFunctions02/Texturing/ScreenAlignedUVs.uasset" 12
"../../../Engine/Content/EngineResources/WhiteSquareTexture.uasset" 13
"../../../Engine/Content/EngineMaterials/Widget3DPassThrough.uasset" 14
"../../../Engine/Content/EngineMaterials/Widget3DPassThrough_Translucent.uasset" 15
"../../../Engine/Content/EngineMaterials/Widget3DPassThrough_Translucent_OneSided.uasset" 16
"../../../Engine/Content/EngineMaterials/Widget3DPassThrough_Opaque.uasset" 17
"../../../Engine/Content/EngineMaterials/Widget3DPassThrough_Opaque_OneSided.uasset" 18
"../../../Engine/Content/EngineMaterials/Widget3DPassThrough_Masked.uasset" 19
"../../../Engine/Content/EngineMaterials/Widget3DPassThrough_Masked_OneSided.uasset" 20
"../../../Engine/Content/EditorResources/S_LevelSequence.uasset" 21
"../../../Engine/Content/EditorResources/Bad.uasset" 22
"../../../Engine/Content/EditorMeshes/EditorCube.uasset" 23
"../../../Engine/Content/EditorMeshes/EditorSphere.uasset" 24
"../../../Engine/Content/EditorMeshes/EditorPlane.uasset" 25
"../../../Engine/Content/EditorMeshes/EditorCylinder.uasset" 26
"../../../Engine/Content/Maps/Templates/Thumbnails/Default.uasset" 27
"../../../Engine/Content/EditorMaterials/Thumbnails/SkySphereMaterial.uasset" 28
"../../../Engine/Content/EditorMeshes/EditorSkySphere.uasset" 29
"../../../Engine/Content/EngineMaterials/Grid.uasset" 30
"../../../Engine/Content/EditorMaterials/Thumbnails/FloorPlaneMaterial.uasset" 31
"../../../Engine/Content/MapTemplates/Sky/DaylightAmbientCubemap.uasset" 32
"../../../Engine/Content/EditorMaterials/ParticleSystems/PSysThumbnail_NoImage.uasset" 33
"../../../Engine/Content/EditorMaterials/ParticleSystems/PSysThumbnail_OOD.uasset" 34
"../../../Engine/Content/EditorResources/S_DecalActorIcon.uasset" 35
"../../../Engine/Content/EditorLandscapeResources/LandscapeGizmo_Mat.uasset" 36
"../../../Engine/Content/EditorLandscapeResources/LandscapeGizmo_Mat_Copied.uasset" 37
"../../../Engine/Content/EditorLandscapeResources/LandscapeGizmoHeight_Mat.uasset" 38
"../../../Engine/Content/EditorLandscapeResources/DataLayer.uasset" 39
"../../../Engine/Content/EditorResources/S_Terrain.uasset" 40
"../../../Engine/Content/EditorLandscapeResources/SplineEditorMeshMat.uasset" 41
"../../../Engine/Content/EditorLandscapeResources/SplineEditorMesh.uasset" 42
"../../../Engine/Content/EditorResources/MatineeCam_D.uasset" 43
"../../../Engine/Content/EditorMaterials/MatineeCam_mat.uasset" 44
"../../../Engine/Content/EditorMeshes/MatineeCam_SM.uasset" 45
"../../../Engine/Content/Functions/Engine_MaterialFunctions02/Utility/Sign.uasset" 46
"../../../Engine/Content/Functions/Engine_MaterialFunctions02/Utility/Round.uasset" 47
"../../../Engine/Content/Functions/Engine_MaterialFunctions02/ExampleContent/Textures/flipbook.uasset" 48
"../../../Engine/Content/Functions/Engine_MaterialFunctions02/Texturing/FlipBook.uasset" 49
"../../../Engine/Content/EditorResources/T_EditorHelp.uasset" 50
"../../../Engine/Content/EditorMaterials/HelpActorMaterial.uasset" 51
"../../../Engine/Content/EditorResources/S_ExpoHeightFog.uasset" 52
"../../../Engine/Content/EditorResources/S_NavP.uasset" 53
"../../../Engine/Content/EditorResources/S_Player.uasset" 54
"../../../Engine/Content/EditorResources/LightIcons/SkyLight.uasset" 55
"../../../Engine/Content/EditorResources/S_WindDirectional.uasset" 56
"../../../Engine/Content/EngineDamageTypes/DmgTypeBP_Environmental.uasset" 57
"../../../Engine/Content/EditorResources/LightIcons/S_LightDirectional.uasset" 58
"../../../Engine/Content/EditorResources/LightIcons/S_LightDirectionalMove.uasset" 59
"../../../Engine/Content/EditorResources/LightIcons/S_LightPoint.uasset" 60
"../../../Engine/Content/EditorResources/LightIcons/S_LightPointMove.uasset" 61
"../../../Engine/Content/EditorResources/LightIcons/S_LightSpot.uasset" 62
"../../../Engine/Content/EditorResources/LightIcons/S_LightSpotMove.uasset" 63
"../../../Engine/Content/EditorResources/S_PortalActorIcon2.uasset" 64
"../../../Engine/Content/EditorResources/MatInstActSprite.uasset" 65
"../../../Engine/Content/EditorResources/SceneManager.uasset" 66
"../../../Engine/Content/EditorResources/AI/S_NavLink.uasset" 67
"../../../Engine/Content/EditorResources/S_Note.uasset" 68
"../../../Engine/Content/EngineMeshes/Sphere.uasset" 69
"../../../Engine/Content/EditorResources/S_ReflActorIcon.uasset" 70
"../../../Engine/Content/EditorResources/S_Thruster.uasset" 71
"../../../Engine/Content/EditorResources/S_RadForce.uasset" 72
"../../../Engine/Content/EditorMaterials/TargetIcon.uasset" 73
"../../../Engine/Content/EngineFonts/RobotoDistanceField.uasset" 74
"../../../Engine/Content/EngineMaterials/DefaultTextMaterialOpaque.uasset" 75
"../../../Engine/Content/EditorResources/S_TextRenderActorIcon.uasset" 76
"../../../Engine/Content/EditorResources/S_Trigger.uasset" 77
"../../../Engine/Content/EditorResources/S_VectorFieldVol.uasset" 78
"../../../Engine/Content/EngineResources/GradientTexture0.uasset" 79
"../../../Engine/Content/EngineResources/Black.uasset" 80
"../../../Engine/Content/EditorMaterials/MatineeGroups/MAT_Groups_Float.uasset" 81
"../../../Engine/Content/EditorMaterials/MatineeGroups/MAT_Groups_Director.uasset" 82
"../../../Engine/Content/EditorMaterials/MatineeGroups/MAT_Groups_Event.uasset" 83
"../../../Engine/Content/EditorMaterials/MatineeGroups/MAT_Groups_Anim.uasset" 84
"../../../Engine/Content/EditorMaterials/MatineeGroups/MAT_Groups_Fade.uasset" 85
"../../../Engine/Content/EditorMaterials/MatineeGroups/MAT_Groups_Move.uasset" 86
"../../../Engine/Content/EditorMaterials/MatineeGroups/MAT_Groups_Slomo.uasset" 87
"../../../Engine/Content/EditorMaterials/MatineeGroups/MAT_ColorTrack.uasset" 88
"../../../Engine/Content/EditorMaterials/MAT_Groups_Toggle.uasset" 89
"../../../Engine/Content/EditorMaterials/MatineeGroups/MAT_Groups_AudioMaster.uasset" 90
"../../../Engine/Content/EditorMaterials/MatineeGroups/MAT_Groups_Sound.uasset" 91
"../../../Engine/Content/EditorMaterials/MatineeGroups/MAT_Groups_Vector.uasset" 92
"../../../Engine/Content/EditorMaterials/MAT_Groups_Visibility.uasset" 93
"../../../Engine/Content/EngineResources/DefaultTextureCube.uasset" 94
"../../../Engine/Content/Functions/Engine_MaterialFunctions01/Opacity/CameraDepthFade.uasset" 95
"../../../Engine/Content/EngineMaterials/T_Default_Material_Grid_M.uasset" 96
"../../../Engine/Content/EngineMaterials/T_Default_Material_Grid_N.uasset" 97
"../../../Engine/Content/EngineMaterials/DefaultMaterial.uasset" 98
"../../../Engine/Content/EngineMeshes/Cylinder.uasset" 99
"../../../Engine/Content/EngineTireTypes/DefaultTireType.uasset" 100
"../../../Engine/Content/EditorResources/S_FTest.uasset" 101
"../../../Engine/Plugins/2D/Paper2D/Content/PlaceholderTextures/DummySpriteTexture.uasset" 102
"../../../Engine/Plugins/2D/Paper2D/Content/DefaultSpriteMaterial.uasset" 103
"../../../Engine/Plugins/2D/Paper2D/Content/MaskedUnlitSpriteMaterial.uasset" 104
"../../../Engine/Plugins/2D/Paper2D/Content/OpaqueUnlitSpriteMaterial.uasset" 105
"../../../Engine/Plugins/2D/Paper2D/Content/DummySprite.uasset" 106
"../../../Engine/Plugins/2D/Paper2D/Content/DefaultPaperTerrainMaterial.uasset" 107
"../../../Engine/Content/EditorSounds/Notifications/CompileSuccess.uasset" 108
"../../../Engine/Content/EditorSounds/Notifications/CompileStart_Cue.uasset" 109
"../../../Engine/Content/EditorSounds/Notifications/CompileSuccess_Cue.uasset" 110
"../../../Engine/Content/EditorSounds/Notifications/CompileFailed.uasset" 111
"../../../Engine/Content/EditorSounds/Notifications/CompileFailed_Cue.uasset" 112
"../../../Engine/Content/BufferVisualization/BaseColor.uasset" 113
"../../../Engine/Content/BufferVisualization/CustomDepth.uasset" 114
"../../../Engine/Content/Functions/Engine_MaterialFunctions02/Utility/MakeFloat2.uasset" 115
"../../../Engine/Content/Functions/Engine_MaterialFunctions02/Utility/MakeFloat3.uasset" 116
"../../../Engine/Content/EngineMaterials/MiniFont.uasset" 117
"../../../Engine/Content/BufferVisualization/CustomStencil.uasset" 118
"../../../Engine/Content/BufferVisualization/FinalImage.uasset" 119
"../../../Engine/Content/BufferVisualization/LightingModel.uasset" 120
"../../../Engine/Content/BufferVisualization/MaterialAO.uasset" 121
"../../../Engine/Content/BufferVisualization/Metallic.uasset" 122
"../../../Engine/Content/BufferVisualization/Opacity.uasset" 123
"../../../Engine/Content/BufferVisualization/Roughness.uasset" 124
"../../../Engine/Content/BufferVisualization/SceneColor.uasset" 125
"../../../Engine/Content/BufferVisualization/SceneDepth.uasset" 126
"../../../Engine/Content/BufferVisualization/SeparateTranslucencyRGB.uasset" 127
"../../../Engine/Content/BufferVisualization/SeparateTranslucencyA.uasset" 128
"../../../Engine/Content/BufferVisualization/Specular.uasset" 129
"../../../Engine/Content/BufferVisualization/SubsurfaceColor.uasset" 130
"../../../Engine/Content/BufferVisualization/WorldNormal.uasset" 131
"../../../Engine/Content/EngineMaterials/DefaultPhysicalMaterial.uasset" 132
"../../../Engine/Content/BufferVisualization/AmbientOcclusion.uasset" 133
"../../../Engine/Content/Functions/Engine_MaterialFunctions02/Utility/VectorLength.uasset" 134
"../../../Engine/Content/BufferVisualization/CustomDepthWorldUnits.uasset" 135
"../../../Engine/Content/BufferVisualization/SceneDepthWorldUnits.uasset" 136
"../../../Engine/Content/BufferVisualization/HDRColor.uasset" 137
"../../../Engine/Content/EngineMaterials/HighResolutionScreenshotMaskFunction.uasset" 138
"../../../Engine/Content/EngineMaterials/HighResScreenshot.uasset" 139
"../../../Engine/Content/EngineMaterials/HighResScreenshotMask.uasset" 140
"../../../Engine/Content/EngineMaterials/HighResScreenshotCaptureRegion.uasset" 141
"../../../Engine/Content/EngineDebugMaterials/WireframeMaterial.uasset" 142
"../../../Engine/Content/Functions/Engine_MaterialFunctions01/Shading/ConvertFromDiffSpec.uasset" 143
"../../../Engine/Content/EngineDebugMaterials/LevelColorationLitMaterial.uasset" 144
"../../../Engine/Content/EngineDebugMaterials/LevelColorationUnlitMaterial.uasset" 145
"../../../Engine/Content/EngineMaterials/DefaultWhiteGrid.uasset" 146
"../../../Engine/Content/EngineDebugMaterials/MAT_LevelColorationLitLightmapUV.uasset" 147
"../../../Engine/Content/EngineDebugMaterials/ShadedLevelColorationLitMaterial.uasset" 148
"../../../Engine/Content/EngineDebugMaterials/ShadedLevelColorationUnlitMateri.uasset" 149
"../../../Engine/Content/EngineDebugMaterials/VertexColorMaterial.uasset" 150
"../../../Engine/Content/EngineDebugMaterials/VertexColorViewMode_ColorOnly.uasset" 151
"../../../Engine/Content/EngineDebugMaterials/VertexColorViewMode_AlphaAsColor.uasset" 152
"../../../Engine/Content/EngineDebugMaterials/VertexColorViewMode_RedOnly.uasset" 153
"../../../Engine/Content/EngineDebugMaterials/VertexColorViewMode_GreenOnly.uasset" 154
"../../../Engine/Content/EngineDebugMaterials/VertexColorViewMode_BlueOnly.uasset" 155
"../../../Engine/Content/EngineMaterials/RemoveSurfaceMaterial.uasset" 156
"../../../Engine/Content/EngineDebugMaterials/DebugMeshMaterial.uasset" 157
"../../../Engine/Content/EngineMaterials/InvalidLightmapSettings.uasset" 158
"../../../Engine/Content/EngineMaterials/M_InvalidLightmapSettings.uasset" 159
"../../../Engine/Content/EditorMaterials/GizmoMaterial.uasset" 160
"../../../Engine/Content/EngineDebugMaterials/GeomMaterial.uasset" 161
"../../../Engine/Content/EngineMaterials/EditorBrushMaterial.uasset" 162
"../../../Engine/Content/EngineDebugMaterials/HeatmapGradient.uasset" 163
"../../../Engine/Content/EngineDebugMaterials/BoneWeightMaterial.uasset" 164
"../../../Engine/Content/EditorMaterials/PreviewShadowIndicator.uasset" 165
"../../../Engine/Content/EditorMaterials/PreviewShadowIndicatorMaterial.uasset" 166
"../../../Engine/Content/EditorMaterials/PhAT_JointLimitMaterial.uasset" 167
"../../../Engine/Content/EditorResources/BSPVertex.uasset" 168
"../../../Engine/Content/EngineMaterials/Good64x64TilingNoiseHighFreq.uasset" 169
"../../../Engine/Content/EngineMaterials/DefaultBokeh.uasset" 170
"../../../Engine/Content/EngineMaterials/PreintegratedSkinBRDF.uasset" 171
"../../../Engine/Content/EngineMaterials/WeightMapPlaceholderTexture.uasset" 172
"../../../Engine/Content/EngineFonts/RobotoTiny.uasset" 173
"../../../Engine/Content/EngineResources/AICON-Red.uasset" 174
"../../../Engine/Content/EngineResources/AICON-Green.uasset" 175
"../../../Engine/Content/Tutorial/Basics/TutorialAssets/icon_tab_Levels_40x.uasset" 176
"../../../Engine/Content/Tutorial/ContentIntroCurve.uasset" 177
"../../../Engine/Content/EditorMaterials/Cross.uasset" 178
"../../../Engine/Content/EditorMaterials/Cross_Mat.uasset" 179
"../../../Engine/Content/EditorMaterials/PhAT_BoneSelectedMaterial.uasset" 180
"../../../Engine/Content/EditorMaterials/PhAT_ElemSelectedMaterial.uasset" 181
"../../../Engine/Content/EditorMaterials/PhAT_NoCollisionMaterial.uasset" 182
"../../../Engine/Content/EditorMaterials/PhAT_UnselectedMaterial.uasset" 183
"../../../Engine/Content/EditorMaterials/Tick.uasset" 184
"../../../Engine/Content/EditorMaterials/Tick_Mat.uasset" 185
"../../../Engine/Content/EditorMaterials/WidgetGridVertexColorMaterial.uasset" 186
"../../../Engine/Content/EditorMaterials/WidgetGridVertexColorMaterial_Ma.uasset" 187
"../../../Engine/Content/EditorMaterials/WidgetMaterial.uasset" 188
"../../../Engine/Content/EditorMaterials/WidgetMaterial_Current.uasset" 189
"../../../Engine/Content/EditorMaterials/WidgetMaterial_X.uasset" 190
"../../../Engine/Content/EditorMaterials/WidgetMaterial_Y.uasset" 191
"../../../Engine/Content/EditorMaterials/WidgetMaterial_Z.uasset" 192
"../../../Engine/Content/EditorMaterials/WidgetVertexColorMaterial.uasset" 193
"../../../Engine/Content/EditorMaterials/CompositeARGBLayer.uasset" 194
"../../../Engine/Content/EditorMaterials/TilingAALineIntegral.uasset" 195
"../../../Engine/Content/EditorMaterials/TilingAALineBoxFiltered.uasset" 196
"../../../Engine/Content/Functions/Engine_MaterialFunctions03/Procedurals/ComputeFilterWidth.uasset" 197
"../../../Engine/Content/EditorMaterials/TilingAADots.uasset" 198
"../../../Engine/Content/EditorMaterials/Cascade/CASC_Cross.uasset" 199
"../../../Engine/Content/EditorMaterials/Cascade/CASC_None.uasset" 200
"../../../Engine/Content/Functions/Engine_MaterialFunctions03/Blends/Blend_Screen.uasset" 201
"../../../Engine/Content/EditorMaterials/TilingAAGrid.uasset" 202
"../../../Engine/Content/EditorMaterials/LevelGridMaterial.uasset" 203
"../../../Engine/Content/EditorResources/SmallFont.uasset" 204
"../../../Engine/Content/EditorResources/S_KBSJoint.uasset" 205
"../../../Engine/Content/EditorResources/S_KHinge.uasset" 206
"../../../Engine/Content/EditorResources/S_KPrismatic.uasset" 207
"../../../Engine/Content/EditorResources/LightIcons/S_LightError.uasset" 208
"../../../Engine/Content/EditorResources/Spline/T_Loft_Spline.uasset" 209
"../../../Engine/Content/EngineMaterials/BlinkingCaret.uasset" 210
"../../../Engine/Content/EngineMaterials/DefaultNormal.uasset" 211
"../../../Engine/Content/EngineMaterials/Grid_N.uasset" 212
"../../../Engine/Content/EngineMaterials/LandscapeHolePhysicalMaterial.uasset" 213
"../../../Engine/Content/EngineMaterials/PaperDiffuse.uasset" 214
"../../../Engine/Content/EngineMaterials/PaperNormal.uasset" 215
"../../../Engine/Content/EngineMaterials/PhysMat_Rubber.uasset" 216
"../../../Engine/Content/EngineFonts/SmallFont.uasset" 217
"../../../Engine/Content/EngineFonts/TinyFont.uasset" 218
"../../../Engine/Content/EngineResources/StreamingPauseIcon.uasset" 219
"../../../Engine/Content/EngineResources/M_StreamingPause.uasset" 220
"../../../MyProject/Content/FirstPerson/Character/Mesh/SK_Mannequin_Arms_Skeleton.uasset" 221
"../../../MyProject/Content/FirstPerson/Animations/FirstPerson_Idle.uasset" 222
"../../../MyProject/Content/FirstPerson/Animations/FirstPerson_JumpEnd.uasset" 223
"../../../MyProject/Content/FirstPerson/Animations/FirstPerson_JumpLoop.uasset" 224
"../../../MyProject/Content/FirstPerson/Animations/FirstPerson_JumpStart.uasset" 225
"../../../MyProject/Content/FirstPerson/Animations/FirstPerson_Run.uasset" 226
"../../../Engine/Content/EditorBlueprintResources/StandardMacros.uasset" 227
"../../../MyProject/Content/FirstPerson/Animations/FirstPerson_AnimBP.uasset" 228
"../../../MyProject/Content/FirstPerson/Animations/FirstPerson_Fire.uasset" 229
"../../../MyProject/Content/FirstPerson/Animations/FirstPersonFire_Montage.uasset" 230
"../../../MyProject/Content/FirstPerson/Meshes/BaseMaterial.uasset" 231
"../../../MyProject/Content/FirstPerson/Meshes/FirstPersonProjectileMaterial.uasset" 232
"../../../MyProject/Content/FirstPerson/Meshes/FirstPersonProjectileMesh.uasset" 233
"../../../MyProject/Content/FirstPersonBP/Blueprints/FirstPersonProjectile.uasset" 234
"../../../MyProject/Content/FirstPerson/Audio/FirstPersonTemplateWeaponFire02.uasset" 235
"../../../Engine/Content/Functions/Engine_MaterialFunctions02/Utility/BlendAngleCorrectedNormals.uasset" 236
"../../../Engine/Content/Functions/MaterialLayerFunctions/MatLayerBlend_NormalBlend.uasset" 237
"../../../Engine/Content/Functions/MaterialLayerFunctions/MatLayerBlend_Simple.uasset" 238
"../../../MyProject/Content/FirstPerson/Character/Materials/MaterialLayers/T_ML_Rubber_Blue_01_D.uasset" 239
"../../../MyProject/Content/FirstPerson/Character/Materials/MaterialLayers/T_ML_Rubber_Blue_01_N.uasset" 240
"../../../MyProject/Content/FirstPerson/Character/Materials/MaterialLayers/ML_GlossyBlack_Latex_UE4.uasset" 241
"../../../MyProject/Content/FirstPerson/Character/Materials/MaterialLayers/ML_Plastic_Shiny_Beige.uasset" 242
"../../../MyProject/Content/FirstPerson/Character/Textures/UE4_LOGO_CARD.uasset" 243
"../../../MyProject/Content/FirstPerson/Character/Materials/MaterialLayers/ML_Plastic_Shiny_Beige_LOGO.uasset" 244
"../../../MyProject/Content/FirstPerson/Character/Materials/MaterialLayers/T_ML_Aluminum01.uasset" 245
"../../../MyProject/Content/FirstPerson/Character/Materials/MaterialLayers/T_ML_Aluminum01_N.uasset" 246
"../../../MyProject/Content/FirstPerson/Character/Materials/MaterialLayers/ML_SoftMetal_UE4.uasset" 247
"../../../MyProject/Content/FirstPerson/Character/Textures/UE4_Mannequin__normals.uasset" 248
"../../../MyProject/Content/FirstPerson/Character/Textures/UE4_Mannequin_MAT_MASKA.uasset" 249
"../../../MyProject/Content/FirstPerson/Character/Materials/M_UE4Man_Body.uasset" 250
"../../../MyProject/Content/FirstPerson/Character/Mesh/SK_Mannequin_Arms_PhysicsAsset.uasset" 251
"../../../MyProject/Content/FirstPerson/Character/Mesh/SK_Mannequin_Arms.uasset" 252
"../../../MyProject/Content/FirstPerson/FPWeapon/Materials/MaterialLayers/T_ML_Rubber_Blue_01_D.uasset" 253
"../../../MyProject/Content/FirstPerson/FPWeapon/Materials/MaterialLayers/T_ML_Rubber_Blue_01_N.uasset" 254
"../../../MyProject/Content/FirstPerson/FPWeapon/Materials/MaterialLayers/ML_GlossyBlack_Latex_UE4.uasset" 255
"../../../MyProject/Content/FirstPerson/FPWeapon/Materials/MaterialLayers/ML_Plastic_Shiny_Beige.uasset" 256
"../../../MyProject/Content/FirstPerson/FPWeapon/Materials/MaterialLayers/ML_Screen.uasset" 257
"../../../MyProject/Content/FirstPerson/FPWeapon/Materials/MaterialLayers/T_ML_Aluminum01.uasset" 258
"../../../MyProject/Content/FirstPerson/FPWeapon/Materials/MaterialLayers/T_ML_Aluminum01_N.uasset" 259
"../../../MyProject/Content/FirstPerson/FPWeapon/Materials/MaterialLayers/ML_SoftMetal_UE4.uasset" 260
"../../../MyProject/Content/FirstPerson/FPWeapon/Textures/T_FPGun_M.uasset" 261
"../../../MyProject/Content/FirstPerson/FPWeapon/Textures/T_FPGun_N.uasset" 262
"../../../MyProject/Content/FirstPerson/FPWeapon/Materials/M_FPGun.uasset" 263
"../../../MyProject/Content/FirstPerson/FPWeapon/Mesh/SK_FPGun_Skeleton.uasset" 264
"../../../MyProject/Content/FirstPerson/FPWeapon/Mesh/SK_FPGun.uasset" 265
"../../../MyProject/Content/FirstPersonBP/Blueprints/FirstPersonCharacter.uasset" 266
"../../../MyProject/Content/FirstPerson/Textures/FirstPersonCrosshair.uasset" 267
"../../../MyProject/Content/FirstPersonBP/Blueprints/FirstPersonHUD.uasset" 268
"../../../MyProject/Content/FirstPersonBP/Blueprints/FirstPersonGameMode.uasset" 269
"../../../Engine/Content/Tutorial/Landscape/TutorialAssets/Landscape_Material.uasset" 270
"../../../MyProject/Content/StarterContent/Textures/T_Frame_M.uasset" 271
"../../../MyProject/Content/StarterContent/Textures/T_Frame_N.uasset" 272
"../../../MyProject/Content/StarterContent/Props/Materials/M_Frame.uasset" 273
"../../../MyProject/Content/StarterContent/Textures/T_MacroVariation.uasset" 274
"../../../MyProject/Content/StarterContent/Materials/M_Metal_Chrome.uasset" 275
"../../../Engine/Content/Tutorial/Paper2D/TutorialAssets/Paper2DFlipbook_TutorialIcon.uasset" 276
"../../../Engine/Content/Tutorial/Mobile/TutorialAssets/android_Icon.uasset" 277
"../../../Engine/Content/Tutorial/Mobile/TutorialAssets/IOS.uasset" 278
"../../../MyProject/Content/StarterContent/Textures/T_Metal_Rust_D.uasset" 279
"../../../MyProject/Content/StarterContent/Textures/T_Metal_Rust_N.uasset" 280
"../../../MyProject/Content/StarterContent/Materials/M_Metal_Rust.uasset" 281
"../../../Engine/Content/Functions/Engine_MaterialFunctions01/Gradient/RadialGradient.uasset" 282
"../../../MyProject/Content/StarterContent/Particles/Materials/M_radial_ramp.uasset" 283
"../../../MyProject/Content/StarterContent/Textures/T_Checker_Noise_M.uasset" 284
"../../../MyProject/Content/StarterContent/Textures/T_Single_Tile_N.uasset" 285
"../../../MyProject/Content/StarterContent/Textures/T_Tech_Dot_M.uasset" 286
"../../../MyProject/Content/StarterContent/Textures/T_Tech_Dot_N.uasset" 287
"../../../MyProject/Content/StarterContent/Materials/M_Tech_Checker_Dot.uasset" 288
"../../../MyProject/Content/StarterContent/Materials/M_Metal_Brushed_Nickel.uasset" 289
"../../../MyProject/Content/StarterContent/Textures/T_Metal_Aluminum_D.uasset" 290
"../../../MyProject/Content/StarterContent/Textures/T_Metal_Gold_N.uasset" 291
"../../../MyProject/Content/StarterContent/Materials/M_Metal_Burnished_Steel.uasset" 292
"../../../MyProject/Content/StarterContent/Textures/T_Metal_Steel_D.uasset" 293
"../../../MyProject/Content/StarterContent/Textures/T_Metal_Steel_N.uasset" 294
"../../../MyProject/Content/StarterContent/Materials/M_Metal_Steel.uasset" 295
"../../../MyProject/Content/StarterContent/Textures/T_Tech_Panel_M.uasset" 296
"../../../MyProject/Content/StarterContent/Textures/T_Tech_Panel_N.uasset" 297
"../../../MyProject/Content/StarterContent/Materials/M_Tech_Panel.uasset" 298
"../../../MyProject/Content/StarterContent/Textures/T_Tech_Hex_Tile_M.uasset" 299
"../../../MyProject/Content/StarterContent/Textures/T_Tech_Hex_Tile_N.uasset" 300
"../../../MyProject/Content/StarterContent/Materials/M_Tech_Hex_Tile_Pulse.uasset" 301
"../../../MyProject/Content/StarterContent/Materials/M_Tech_Hex_Tile.uasset" 302
"../../../MyProject/Content/StarterContent/Textures/T_Concrete_Grime_D.uasset" 303
"../../../MyProject/Content/StarterContent/Textures/T_Perlin_Noise_M.uasset" 304
"../../../MyProject/Content/StarterContent/Materials/M_Concrete_Grime.uasset" 305
"../../../MyProject/Content/StarterContent/Textures/T_Brick_Cut_Stone_D.uasset" 306
"../../../MyProject/Content/StarterContent/Textures/T_Brick_Cut_Stone_N.uasset" 307
"../../../MyProject/Content/StarterContent/Materials/M_Brick_Cut_Stone.uasset" 308
"../../../Engine/Content/EditorResources/EmptyActor.uasset" 309
"../../../Engine/Content/EngineMaterials/WorldGridMaterial.uasset" 310
"../../../Engine/Content/BasicShapes/Cube.uasset" 311
"../../../Engine/Content/BasicShapes/Sphere.uasset" 312
"../../../Engine/Content/BasicShapes/Cylinder.uasset" 313
"../../../Engine/Content/BasicShapes/Cone.uasset" 314
"../../../Engine/Content/MapTemplates/SM_Template_Map_Floor.uasset" 315
"../../../Engine/Content/Tutorial/BlueprintTutorials/TutorialAssets/Blueprint_64x.uasset" 316
"../../../Engine/Content/Tutorial/SubEditors/TutorialAssets/icon_Editor_Preferences_General_40x.uasset" 317
"../../../Engine/Content/Tutorial/Paper2D/TutorialAssets/Paper2DSprite_TutorialIcon.uasset" 318
"../../../Engine/Content/Tutorial/SubEditors/TutorialAssets/icon_ShowSkeletalMeshes_40x.uasset" 319
"../../../Engine/Content/Tutorial/Landscape/TutorialAssets/Landscape.uasset" 320
"../../../Engine/Content/Tutorial/Foliage/TutorialAssets/Foliage.uasset" 321
"../../../Engine/Content/EditorMaterials/MakeCompositeARGBLayer.uasset" 322
"../../../Engine/Content/EditorResources/LevelGrid1DStripes.uasset" 323
"../../../Engine/Content/EditorMaterials/TextureGridCascaded1D.uasset" 324
"../../../Engine/Content/EditorMaterials/TextureGridCascaded2D.uasset" 325
"../../../Engine/Content/EditorMaterials/LevelGridMaterial2.uasset" 326
"../../../Engine/Content/MobileResources/HUD/MobileHUDButton2_off.uasset" 327
"../../../Engine/Content/MobileResources/HUD/MobileHUDDirectionPad2.uasset" 328
"../../../Engine/Content/MobileResources/T_MobileControls_texture.uasset" 329
"../../../Engine/Content/MobileResources/HUD/VirtualJoystick_Background.uasset" 330
"../../../Engine/Content/MobileResources/HUD/VirtualJoystick_Thumb.uasset" 331
"../../../Engine/Content/MobileResources/HUD/LeftVirtualJoystickOnly.uasset" 332
"../../../Engine/Content/MobileResources/HUD/MobileHUDButtonFire.uasset" 333
"../../../Engine/Content/Tutorial/BlueprintTutorials/TutorialAssets/BlueprintMacroLibrary_64x.uasset" 334
"../../../Engine/Content/MobileResources/HUD/T_Castle_ThumbstickInner.uasset" 335
"../../../Engine/Content/Tutorial/BlueprintTutorials/TutorialAssets/BlueprintInterface_64x.uasset" 336
"../../../Engine/Content/Tutorial/Basics/TutorialAssets/CameraActor_64x.uasset" 337
"../../../Engine/Content/EditorLandscapeResources/LandscapeThumbnailHeightmap.uasset" 338
"../../../Engine/Content/EditorLandscapeResources/LandscapeThumbnailWeightmap.uasset" 339
"../../../Engine/Content/EditorLandscapeResources/DefaultAlphaTexture.uasset" 340
"../../../Engine/Content/EditorLandscapeResources/MaskBrushMaterial.uasset" 341
"../../../Engine/Content/EditorLandscapeResources/MaskBrushMaterial_Gizmo.uasset" 342
"../../../Engine/Content/EditorLandscapeResources/CircleBrushMaterial.uasset" 343
"../../../Engine/Content/EditorLandscapeResources/PatternBrushMaterial_Smooth.uasset" 344
"../../../Engine/Content/EditorLandscapeResources/AlphaBrushMaterial.uasset" 345
"../../../Engine/Content/EditorLandscapeResources/AlphaBrushMaterial_Smooth.uasset" 346
"../../../Engine/Content/EditorLandscapeResources/CircleBrushMaterial_Tip.uasset" 347
"../../../Engine/Content/EditorLandscapeResources/CircleBrushMaterial_Spherical.uasset" 348
"../../../Engine/Content/EditorLandscapeResources/CircleBrushMaterial_Linear.uasset" 349
"../../../Engine/Content/EditorLandscapeResources/CircleBrushMaterial_Smooth.uasset" 350
"../../../Engine/Content/EditorLandscapeResources/MirrorPlaneMaterial.uasset" 351
"../../../Engine/Content/EditorLandscapeResources/FlattenHeightMat.uasset" 352
"../../../Engine/Content/EditorLandscapeResources/FlattenPlaneMesh.uasset" 353
"../../../Engine/Content/EditorSounds/GamePreview/EndPlayInEditor.uasset" 354
"../../../Engine/Content/EditorSounds/GamePreview/EndPlayInEditor_Cue.uasset" 355
"../../../Engine/Content/Functions/Engine_MaterialFunctions02/WorldPositionOffset/LocalPosition.uasset" 356
"../../../Engine/Content/EditorLandscapeResources/LandscapeLayerUsageMaterial.uasset" 357
"../../../Engine/Content/EditorLandscapeResources/MaskBrushMaterial_MaskedRegion.uasset" 358
"../../../Engine/Content/EditorLandscapeResources/WhiteSquareTexture.uasset" 359
"../../../Engine/Content/EditorLandscapeResources/SelectBrushMaterial.uasset" 360
"../../../Engine/Content/EditorLandscapeResources/SelectBrushMaterial_SelectedRegion.uasset" 361
"../../../Engine/Content/EditorLandscapeResources/SelectBrushMaterial_Selected.uasset" 362
"../../../Engine/Content/EditorSounds/GamePreview/StartPlayInEditor.uasset" 363
"../../../Engine/Content/EditorSounds/GamePreview/StartPlayInEditor_Cue.uasset" 364
"../../../Engine/Content/EditorLandscapeResources/LayerVisMaterial.uasset" 365
"../../../Engine/Content/MobileResources/T_MobileMenu2.uasset" 366
"../../../Engine/Content/MobileResources/HUD/AnalogHat.uasset" 367
"../../../Engine/Content/MobileResources/HUD/DefaultVirtualJoysticks.uasset" 368
"../../../Engine/Content/MobileResources/HUD/MobileHUDButton1_off.uasset" 369
"../../../MyProject/Content/StarterContent/Materials/M_Basic_Wall.uasset" 370
"../../../MyProject/Content/StarterContent/Architecture/Wall_500x500.uasset" 371
"../../../Engine/Content/MobileResources/HUD/MobileHUDButton1_on.uasset" 372
"../../../Engine/Content/EditorResources/SimplygonLogo.uasset" 373
"../../../Engine/Content/MobileResources/HUD/MobileHUDButton2_on.uasset" 374
"../../../Engine/Content/MobileResources/HUD/MobileHUDButton3.uasset" 375
"../../../Engine/Content/MobileResources/HUD/MobileHUDDirectionPad.uasset" 376
"../../../Engine/Content/MobileResources/HUD/MobileHUDDirectionPad3.uasset" 377
"../../../Engine/Content/EngineLightProfiles/NarrowComplex_IES.uasset" 378
"../../../Engine/Content/EngineLightProfiles/Narrow1000_IES.uasset" 379
"../../../Engine/Content/EngineLightProfiles/Narrow10000.uasset" 380
"../../../Engine/Content/EngineLightProfiles/Complex_IES.uasset" 381
"../../../Engine/Content/EngineLightProfiles/90Degree_IES.uasset" 382
"../../../Engine/Content/EngineLightProfiles/180Degree_IES.uasset" 383
"../../../Engine/Content/MobileResources/HUD/MobileHUDDirectionStick.uasset" 384
"../../../MyProject/Content/StarterContent/Architecture/Wall_Door_400x300.uasset" 385
"../../../Engine/Content/MobileResources/HUD/T_Castle_ThumbstickOutter.uasset" 386
"../../../Engine/Content/BasicShapes/BasicShapeMaterial.uasset" 387
"../../../Engine/Content/Functions/Engine_MaterialFunctions01/ImageAdjustment/BlurSampleOffsets.uasset" 388
"../../../Engine/Content/Functions/Engine_MaterialFunctions02/SampleSceneDepth.uasset" 389
"../../../Engine/Content/Functions/Engine_MaterialFunctions02/Texturing/WorldPositionWithScale.uasset" 390
"../../../Engine/Content/Functions/Engine_MaterialFunctions02/Utility/CameraDirectionVector.uasset" 391
"../../../Engine/Content/Functions/Engine_MaterialFunctions02/Utility/LinearSine.uasset" 392
"../../../Engine/Content/Functions/Engine_MaterialFunctions02/UVs/WorldPositionBehindTranslucency.uasset" 393
"../../../Engine/Content/Functions/Engine_MaterialFunctions02/WorldPositionOffset/ObjectScale.uasset" 394
"../../../Engine/Content/EditorLandscapeResources/FoliageBrushSphereMaterial.uasset" 395
"../../../Engine/Content/EngineSky/C_Sky_Cloud_Color.uasset" 396
"../../../Engine/Content/EngineSky/C_Sky_Horizon_Color.uasset" 397
"../../../Engine/Content/EngineSky/C_Sky_Zenith_Color.uasset" 398
"../../../Engine/Content/EngineSky/T_Sky_Blue.uasset" 399
"../../../Engine/Content/EngineSky/T_Sky_Clouds_M.uasset" 400
"../../../Engine/Content/EngineSky/T_Sky_Stars.uasset" 401
"../../../Engine/Content/EngineSky/M_Sky_Panning_Clouds2.uasset" 402
"../../../Engine/Content/EngineSky/SM_SkySphere.uasset" 403
"../../../Engine/Content/EngineSky/BP_Sky_Sphere.uasset" 404
"../../../Engine/Content/EngineMaterials/AntiAliasedTextMaterialTranslucent.uasset" 405
"../../../MyProject/Content/FirstPerson/Meshes/CubeMaterialOverride.uasset" 406
"../../../MyProject/Content/Geometry/Meshes/CubeMaterial.uasset" 407
"../../../MyProject/Content/Geometry/Meshes/1M_Cube.uasset" 408
"../../../MyProject/Content/FirstPersonBP/Maps/FirstPersonExampleMap.umap" 409
"../../../MyProject/Content/StarterContent/Materials/M_Basic_Floor.uasset" 410
"../../../MyProject/Content/StarterContent/Architecture/Floor_400x400.uasset" 411
"../../../MyProject/Content/StarterContent/Architecture/Wall_400x200.uasset" 412
"../../../MyProject/Content/StarterContent/Architecture/Wall_400x300.uasset" 413
"../../../MyProject/Content/StarterContent/Architecture/Wall_400x400.uasset" 414
"../../../MyProject/Content/StarterContent/Architecture/Wall_Door_400x400.uasset" 415
"../../../MyProject/Content/StarterContent/Textures/T_Lamp_M.uasset" 416
"../../../MyProject/Content/StarterContent/Textures/T_Lamp_N.uasset" 417
"../../../MyProject/Content/StarterContent/Props/Materials/M_Lamp.uasset" 418
"../../../MyProject/Content/StarterContent/Props/SM_Lamp_Ceiling.uasset" 419
"../../../MyProject/Content/StarterContent/Props/SM_Lamp_Wall.uasset" 420
"../../../MyProject/Content/Legacy/Hallway.umap" 421
